<?xml version="1.0" encoding="UTF-8"?>
<!-- Generated by org.testng.reporters.JUnitReportReporter -->
<testsuite skipped="0" hostname="DESKTOP-FBAITI6" name="qaclickacademy.SeleniumTest" tests="2" failures="0" timestamp="2020-06-08T21:41:03 EDT" time="0.020" errors="0">
  <testcase name="BrowserAUtomation" time="0.019" classname="qaclickacademy.SeleniumTest"/>
  <system-out/>
  <testcase name="elementsUi" time="0.001" classname="qaclickacademy.SeleniumTest"/>
  <system-out/>
</testsuite> <!-- qaclickacademy.SeleniumTest -->
