<?xml version="1.0" encoding="UTF-8"?>
<!-- Generated by org.testng.reporters.JUnitReportReporter -->
<testsuite skipped="0" hostname="DESKTOP-FBAITI6" name="qaclickacademy.SeleniumTest" tests="2" failures="0" timestamp="14 Jun 2020 17:54:45 GMT" time="0.000" errors="0">
  <testcase name="BrowserAUtomation" time="0.000" classname="qaclickacademy.SeleniumTest"/>
  <testcase name="elementsUi" time="0.000" classname="qaclickacademy.SeleniumTest"/>
</testsuite> <!-- qaclickacademy.SeleniumTest -->
