<?xml version="1.0" encoding="UTF-8"?>
<!-- Generated by org.testng.reporters.JUnitReportReporter -->
<testsuite skipped="0" hostname="DESKTOP-FBAITI6" name="qaclickacademy.AppiumTest" tests="2" failures="0" timestamp="14 Jun 2020 17:54:45 GMT" time="0.006" errors="0">
  <testcase name="NativeAPpAndriod" time="0.000" classname="qaclickacademy.AppiumTest"/>
  <testcase name="IOSApps" time="0.006" classname="qaclickacademy.AppiumTest"/>
</testsuite> <!-- qaclickacademy.AppiumTest -->
